<?xml version="1.0" encoding="UTF-8"?>
<!-- Generated by org.testng.reporters.JUnitReportReporter -->
<testsuite hostname="DESKTOP-FVKT4FL" failures="0" tests="2" name="com.crm.qa.testcases.ContactsPageTest" time="52.790" errors="0" timestamp="2019-09-30T20:31:14 IST" skipped="0">
  <testcase classname="com.crm.qa.testcases.ContactsPageTest" name="ContactsLabelTest" time="26.750"/>
  <testcase classname="com.crm.qa.testcases.ContactsPageTest" name="SelectContactsTest" time="26.040"/>
</testsuite> <!-- com.crm.qa.testcases.ContactsPageTest -->
