<?xml version="1.0" encoding="UTF-8"?>
<!-- Generated by org.testng.reporters.JUnitReportReporter -->
<testsuite hostname="DESKTOP-FVKT4FL" failures="0" tests="4" name="com.crm.qa.testcases.LoginPageTest" time="93.418" errors="0" timestamp="2019-09-30T20:31:14 IST" skipped="1">
  <testcase classname="com.crm.qa.testcases.LoginPageTest" name="CRMtitletest" time="20.013"/>
  <testcase classname="com.crm.qa.testcases.LoginPageTest" name="CRMImageTest" time="18.017"/>
  <testcase classname="com.crm.qa.testcases.LoginPageTest" name="LoginTest" time="21.059">
    <skipped/>
  </testcase> <!-- LoginTest -->
  <testcase classname="com.crm.qa.testcases.LoginPageTest" name="LoginTest" time="34.329"/>
</testsuite> <!-- com.crm.qa.testcases.LoginPageTest -->
