<?xml version="1.0" encoding="UTF-8"?>
<!-- Generated by org.testng.reporters.JUnitReportReporter -->
<testsuite hostname="DESKTOP-FVKT4FL" failures="0" tests="3" name="com.crm.qa.testcases.LoginPageTest" time="63.043" errors="0" timestamp="2019-10-14T19:47:52 IST" skipped="0">
  <testcase classname="com.crm.qa.testcases.LoginPageTest" name="CRMtitletest" time="20.928"/>
  <testcase classname="com.crm.qa.testcases.LoginPageTest" name="CRMImageTest" time="17.587"/>
  <testcase classname="com.crm.qa.testcases.LoginPageTest" name="LoginTest" time="24.528"/>
</testsuite> <!-- com.crm.qa.testcases.LoginPageTest -->
