<?xml version="1.0" encoding="UTF-8"?>
<!-- Generated by org.testng.reporters.JUnitReportReporter -->
<testsuite hostname="DESKTOP-FVKT4FL" failures="0" tests="1" name="TestNGBasics.ExpectedException" time="0.004" errors="0" timestamp="2019-09-05T21:39:04 IST" skipped="0">
  <testcase classname="TestNGBasics.ExpectedException" name="numberformat" time="0.004"/>
</testsuite> <!-- TestNGBasics.ExpectedException -->
