<?xml version="1.0" encoding="UTF-8"?>
<!-- Generated by org.testng.reporters.JUnitReportReporter -->
<testsuite hostname="DESKTOP-FVKT4FL" failures="0" tests="3" name="TestNGBasics.TestNGFeatures" time="25.509" errors="0" timestamp="2019-09-05T21:39:03 IST" skipped="0">
  <testcase classname="TestNGBasics.TestNGFeatures" name="test3" time="9.223"/>
  <testcase classname="TestNGBasics.TestNGFeatures" name="test" time="7.576"/>
  <testcase classname="TestNGBasics.TestNGFeatures" name="test2" time="8.710"/>
</testsuite> <!-- TestNGBasics.TestNGFeatures -->
