<?xml version="1.0" encoding="UTF-8"?>
<!-- Generated by org.testng.reporters.JUnitReportReporter -->
<testsuite hostname="DESKTOP-FVKT4FL" failures="0" tests="4" name="com.datadriven.test.FaceBookTest" time="272.251" errors="0" timestamp="2019-09-11T20:45:12 IST" skipped="0">
  <testcase classname="com.datadriven.test.FaceBookTest" name="FacebookReg" time="39.358"/>
  <testcase classname="com.datadriven.test.FaceBookTest" name="FacebookReg" time="60.654"/>
  <testcase classname="com.datadriven.test.FaceBookTest" name="FacebookReg" time="144.672"/>
  <testcase classname="com.datadriven.test.FaceBookTest" name="FacebookReg" time="27.567"/>
</testsuite> <!-- com.datadriven.test.FaceBookTest -->
