<?xml version="1.0" encoding="UTF-8"?>
<!-- Generated by org.testng.reporters.JUnitReportReporter -->
<testsuite hostname="DESKTOP-FVKT4FL" failures="0" tests="2" name="TestNGBasics.AssertTestNG" time="17.756" errors="0" timestamp="2019-09-05T20:27:12 IST" skipped="0">
  <testcase classname="TestNGBasics.AssertTestNG" name="GoogleTitle" time="8.824"/>
  <testcase classname="TestNGBasics.AssertTestNG" name="logo" time="8.932"/>
</testsuite> <!-- TestNGBasics.AssertTestNG -->
