<?xml version="1.0" encoding="UTF-8"?>
<!-- Generated by org.testng.reporters.JUnitReportReporter -->
<testsuite hostname="DESKTOP-FVKT4FL" failures="0" tests="1" name="TestNGBasics.ParameterTest" time="23.564" errors="0" timestamp="2019-09-05T21:40:12 IST" skipped="0">
  <testcase classname="TestNGBasics.ParameterTest" name="test01" time="23.564"/>
</testsuite> <!-- TestNGBasics.ParameterTest -->
