<?xml version="1.0" encoding="UTF-8"?>
<!-- Generated by org.testng.reporters.JUnitReportReporter -->
<testsuite hostname="DESKTOP-FVKT4FL" failures="0" tests="2" name="TestNGBasics.TestGooglePage" time="18.515" errors="0" timestamp="2019-09-05T21:39:04 IST" skipped="0">
  <testcase classname="TestNGBasics.TestGooglePage" name="LogoTest" time="9.109"/>
  <testcase classname="TestNGBasics.TestGooglePage" name="GoogleTitle" time="9.406"/>
</testsuite> <!-- TestNGBasics.TestGooglePage -->
