<?xml version="1.0" encoding="UTF-8"?>
<!-- Generated by org.testng.reporters.JUnitReportReporter -->
<testsuite hostname="DESKTOP-FVKT4FL" failures="0" tests="2" name="TestNGBasics.TestNgAnnotation" time="0.042" errors="0" timestamp="2019-08-29T20:48:56 IST" skipped="0">
  <testcase classname="TestNGBasics.TestNgAnnotation" name="AGoogleSearch" time="0.017"/>
  <testcase classname="TestNGBasics.TestNgAnnotation" name="GoogleTitle" time="0.025"/>
</testsuite> <!-- TestNGBasics.TestNgAnnotation -->
